{"/Users/heropy/Desktop/lg_app1/src/components/Header.tsx": {"path":"/Users/heropy/Desktop/lg_app1/src/components/Header.tsx","all":false,"statementMap":{"0":{"start":{"line":1,"column":0},"end":{"line":1,"column":38}},"1":{"start":{"line":2,"column":0},"end":{"line":2,"column":46}},"3":{"start":{"line":4,"column":0},"end":{"line":4,"column":30}},"4":{"start":{"line":5,"column":0},"end":{"line":5,"column":13}},"5":{"start":{"line":6,"column":0},"end":{"line":6,"column":38}},"6":{"start":{"line":7,"column":0},"end":{"line":7,"column":4}},"7":{"start":{"line":8,"column":0},"end":{"line":8,"column":20}},"8":{"start":{"line":9,"column":0},"end":{"line":9,"column":19}},"9":{"start":{"line":10,"column":0},"end":{"line":10,"column":3}},"10":{"start":{"line":11,"column":0},"end":{"line":11,"column":2}},"11":{"start":{"line":12,"column":0},"end":{"line":12,"column":22}},"12":{"start":{"line":13,"column":0},"end":{"line":13,"column":29}},"13":{"start":{"line":14,"column":0},"end":{"line":14,"column":36}},"14":{"start":{"line":15,"column":0},"end":{"line":15,"column":1}},"16":{"start":{"line":17,"column":0},"end":{"line":17,"column":34}},"17":{"start":{"line":18,"column":0},"end":{"line":18,"column":10}},"18":{"start":{"line":19,"column":0},"end":{"line":19,"column":47}},"19":{"start":{"line":20,"column":0},"end":{"line":20,"column":62}},"20":{"start":{"line":21,"column":0},"end":{"line":21,"column":28}},"21":{"start":{"line":22,"column":0},"end":{"line":22,"column":18}},"22":{"start":{"line":23,"column":0},"end":{"line":23,"column":25}},"23":{"start":{"line":24,"column":0},"end":{"line":24,"column":24}},"24":{"start":{"line":25,"column":0},"end":{"line":25,"column":68}},"25":{"start":{"line":26,"column":0},"end":{"line":26,"column":16}},"26":{"start":{"line":27,"column":0},"end":{"line":27,"column":24}},"27":{"start":{"line":28,"column":0},"end":{"line":28,"column":20}},"28":{"start":{"line":29,"column":0},"end":{"line":29,"column":11}},"29":{"start":{"line":30,"column":0},"end":{"line":30,"column":12}},"30":{"start":{"line":31,"column":0},"end":{"line":31,"column":13}},"32":{"start":{"line":33,"column":0},"end":{"line":33,"column":1}}},"s":{"0":1,"1":1,"3":1,"4":1,"5":1,"6":1,"7":1,"8":1,"9":1,"10":1,"11":1,"12":1,"13":1,"14":1,"16":1,"17":1,"18":1,"19":1,"20":1,"21":2,"22":2,"23":2,"24":2,"25":2,"26":2,"27":2,"28":1,"29":1,"30":1,"32":1},"branchMap":{"0":{"type":"branch","line":17,"loc":{"start":{"line":17,"column":0},"end":{"line":33,"column":1}},"locations":[{"start":{"line":17,"column":0},"end":{"line":33,"column":1}}]},"1":{"type":"branch","line":21,"loc":{"start":{"line":21,"column":19},"end":{"line":28,"column":20}},"locations":[{"start":{"line":21,"column":19},"end":{"line":28,"column":20}}]},"2":{"type":"branch","line":25,"loc":{"start":{"line":25,"column":23},"end":{"line":25,"column":68}},"locations":[{"start":{"line":25,"column":23},"end":{"line":25,"column":68}}]}},"b":{"0":[1],"1":[2],"2":[2]},"fnMap":{"0":{"name":"Header","decl":{"start":{"line":17,"column":0},"end":{"line":33,"column":1}},"loc":{"start":{"line":17,"column":0},"end":{"line":33,"column":1}},"line":17},"1":{"name":"className","decl":{"start":{"line":25,"column":23},"end":{"line":25,"column":68}},"loc":{"start":{"line":25,"column":23},"end":{"line":25,"column":68}},"line":25}},"f":{"0":1,"1":2}}
,"/Users/heropy/Desktop/lg_app1/src/components/MovieList.tsx": {"path":"/Users/heropy/Desktop/lg_app1/src/components/MovieList.tsx","all":false,"statementMap":{"0":{"start":{"line":1,"column":0},"end":{"line":1,"column":35}},"3":{"start":{"line":4,"column":0},"end":{"line":4,"column":42}},"5":{"start":{"line":6,"column":0},"end":{"line":6,"column":67}},"6":{"start":{"line":7,"column":0},"end":{"line":7,"column":10}},"7":{"start":{"line":8,"column":0},"end":{"line":8,"column":6}},"8":{"start":{"line":9,"column":0},"end":{"line":9,"column":24}},"9":{"start":{"line":10,"column":0},"end":{"line":10,"column":29}},"10":{"start":{"line":11,"column":0},"end":{"line":11,"column":32}},"11":{"start":{"line":12,"column":0},"end":{"line":12,"column":15}},"12":{"start":{"line":13,"column":0},"end":{"line":13,"column":32}},"13":{"start":{"line":14,"column":0},"end":{"line":14,"column":39}},"14":{"start":{"line":15,"column":0},"end":{"line":15,"column":19}},"15":{"start":{"line":16,"column":0},"end":{"line":16,"column":46}},"16":{"start":{"line":17,"column":0},"end":{"line":17,"column":82}},"17":{"start":{"line":18,"column":0},"end":{"line":18,"column":29}},"18":{"start":{"line":19,"column":0},"end":{"line":19,"column":21}},"19":{"start":{"line":20,"column":0},"end":{"line":20,"column":17}},"20":{"start":{"line":21,"column":0},"end":{"line":21,"column":13}},"21":{"start":{"line":22,"column":0},"end":{"line":22,"column":13}},"23":{"start":{"line":24,"column":0},"end":{"line":24,"column":54}},"25":{"start":{"line":26,"column":0},"end":{"line":26,"column":7}},"27":{"start":{"line":28,"column":0},"end":{"line":28,"column":1}}},"s":{"0":1,"3":1,"5":2,"6":2,"7":2,"8":2,"9":1,"10":1,"11":10,"12":10,"13":10,"14":10,"15":10,"16":10,"17":10,"18":10,"19":10,"20":1,"21":1,"23":1,"25":2,"27":2},"branchMap":{"0":{"type":"branch","line":6,"loc":{"start":{"line":6,"column":0},"end":{"line":28,"column":1}},"locations":[{"start":{"line":6,"column":0},"end":{"line":28,"column":1}}]},"1":{"type":"branch","line":9,"loc":{"start":{"line":9,"column":14},"end":{"line":22,"column":13}},"locations":[{"start":{"line":9,"column":14},"end":{"line":22,"column":13}}]},"2":{"type":"branch","line":22,"loc":{"start":{"line":22,"column":8},"end":{"line":24,"column":54}},"locations":[{"start":{"line":22,"column":8},"end":{"line":24,"column":54}}]},"3":{"type":"branch","line":11,"loc":{"start":{"line":11,"column":22},"end":{"line":20,"column":17}},"locations":[{"start":{"line":11,"column":22},"end":{"line":20,"column":17}}]}},"b":{"0":[2],"1":[1],"2":[1],"3":[10]},"fnMap":{"0":{"name":"MovieList","decl":{"start":{"line":6,"column":0},"end":{"line":28,"column":1}},"loc":{"start":{"line":6,"column":0},"end":{"line":28,"column":1}},"line":6}},"f":{"0":2}}
,"/Users/heropy/Desktop/lg_app1/src/components/MovieSearch.tsx": {"path":"/Users/heropy/Desktop/lg_app1/src/components/MovieSearch.tsx","all":false,"statementMap":{"0":{"start":{"line":1,"column":0},"end":{"line":1,"column":43}},"2":{"start":{"line":3,"column":0},"end":{"line":3,"column":48}},"4":{"start":{"line":5,"column":0},"end":{"line":5,"column":37}},"5":{"start":{"line":6,"column":0},"end":{"line":6,"column":8}},"6":{"start":{"line":7,"column":0},"end":{"line":7,"column":11}},"7":{"start":{"line":8,"column":0},"end":{"line":8,"column":10}},"8":{"start":{"line":9,"column":0},"end":{"line":9,"column":4}},"12":{"start":{"line":13,"column":0},"end":{"line":13,"column":4}},"13":{"start":{"line":14,"column":0},"end":{"line":14,"column":55}},"15":{"start":{"line":16,"column":0},"end":{"line":16,"column":19}},"16":{"start":{"line":17,"column":0},"end":{"line":17,"column":25}},"17":{"start":{"line":18,"column":0},"end":{"line":18,"column":19}},"19":{"start":{"line":20,"column":0},"end":{"line":20,"column":68}},"20":{"start":{"line":21,"column":0},"end":{"line":21,"column":58}},"21":{"start":{"line":22,"column":0},"end":{"line":22,"column":16}},"22":{"start":{"line":23,"column":0},"end":{"line":23,"column":5}},"23":{"start":{"line":24,"column":0},"end":{"line":24,"column":3}},"25":{"start":{"line":26,"column":0},"end":{"line":26,"column":10}},"26":{"start":{"line":27,"column":0},"end":{"line":27,"column":32}},"27":{"start":{"line":28,"column":0},"end":{"line":28,"column":12}},"28":{"start":{"line":29,"column":0},"end":{"line":29,"column":64}},"29":{"start":{"line":30,"column":0},"end":{"line":30,"column":39}},"30":{"start":{"line":31,"column":0},"end":{"line":31,"column":21}},"31":{"start":{"line":32,"column":0},"end":{"line":32,"column":27}},"32":{"start":{"line":33,"column":0},"end":{"line":33,"column":54}},"33":{"start":{"line":34,"column":0},"end":{"line":34,"column":33}},"34":{"start":{"line":35,"column":0},"end":{"line":35,"column":40}},"35":{"start":{"line":36,"column":0},"end":{"line":36,"column":8}},"36":{"start":{"line":37,"column":0},"end":{"line":37,"column":13}},"37":{"start":{"line":38,"column":0},"end":{"line":38,"column":63}},"38":{"start":{"line":39,"column":0},"end":{"line":39,"column":26}},"39":{"start":{"line":40,"column":0},"end":{"line":40,"column":42}},"41":{"start":{"line":42,"column":0},"end":{"line":42,"column":15}},"42":{"start":{"line":43,"column":0},"end":{"line":43,"column":10}},"44":{"start":{"line":45,"column":0},"end":{"line":45,"column":1}}},"s":{"0":1,"2":1,"4":10,"5":10,"6":10,"7":10,"8":10,"12":10,"13":10,"15":10,"16":10,"17":10,"19":10,"20":7,"21":1,"22":1,"23":7,"25":10,"26":10,"27":10,"28":10,"29":10,"30":10,"31":10,"32":10,"33":10,"34":10,"35":10,"36":10,"37":10,"38":10,"39":10,"41":10,"42":10,"44":10},"branchMap":{"0":{"type":"branch","line":5,"loc":{"start":{"line":5,"column":0},"end":{"line":45,"column":1}},"locations":[{"start":{"line":5,"column":0},"end":{"line":45,"column":1}}]},"1":{"type":"branch","line":16,"loc":{"start":{"line":16,"column":12},"end":{"line":18,"column":5}},"locations":[{"start":{"line":16,"column":12},"end":{"line":18,"column":5}}]},"2":{"type":"branch","line":20,"loc":{"start":{"line":20,"column":2},"end":{"line":24,"column":3}},"locations":[{"start":{"line":20,"column":2},"end":{"line":24,"column":3}}]},"3":{"type":"branch","line":21,"loc":{"start":{"line":21,"column":18},"end":{"line":21,"column":57}},"locations":[{"start":{"line":21,"column":18},"end":{"line":21,"column":57}}]},"4":{"type":"branch","line":21,"loc":{"start":{"line":21,"column":57},"end":{"line":23,"column":5}},"locations":[{"start":{"line":21,"column":57},"end":{"line":23,"column":5}}]},"5":{"type":"branch","line":33,"loc":{"start":{"line":33,"column":18},"end":{"line":33,"column":54}},"locations":[{"start":{"line":33,"column":18},"end":{"line":33,"column":54}}]}},"b":{"0":[10],"1":[10],"2":[7],"3":[1],"4":[1],"5":[6]},"fnMap":{"0":{"name":"MovieSearch","decl":{"start":{"line":5,"column":0},"end":{"line":45,"column":1}},"loc":{"start":{"line":5,"column":0},"end":{"line":45,"column":1}},"line":5},"1":{"name":"handleKeyDown","decl":{"start":{"line":20,"column":2},"end":{"line":24,"column":3}},"loc":{"start":{"line":20,"column":2},"end":{"line":24,"column":3}},"line":20},"2":{"name":"onChange","decl":{"start":{"line":33,"column":18},"end":{"line":33,"column":54}},"loc":{"start":{"line":33,"column":18},"end":{"line":33,"column":54}},"line":33}},"f":{"0":10,"1":7,"2":6}}
,"/Users/heropy/Desktop/lg_app1/src/hooks/useMovie.ts": {"path":"/Users/heropy/Desktop/lg_app1/src/hooks/useMovie.ts","all":false,"statementMap":{"0":{"start":{"line":1,"column":0},"end":{"line":1,"column":48}},"1":{"start":{"line":2,"column":0},"end":{"line":2,"column":46}},"4":{"start":{"line":5,"column":0},"end":{"line":5,"column":34}},"5":{"start":{"line":6,"column":0},"end":{"line":6,"column":57}},"6":{"start":{"line":7,"column":0},"end":{"line":7,"column":27}},"7":{"start":{"line":8,"column":0},"end":{"line":8,"column":32}},"8":{"start":{"line":9,"column":0},"end":{"line":9,"column":26}},"9":{"start":{"line":10,"column":0},"end":{"line":10,"column":80}},"10":{"start":{"line":11,"column":0},"end":{"line":11,"column":49}},"11":{"start":{"line":12,"column":0},"end":{"line":12,"column":19}},"12":{"start":{"line":13,"column":0},"end":{"line":13,"column":6}},"13":{"start":{"line":14,"column":0},"end":{"line":14,"column":28}},"14":{"start":{"line":15,"column":0},"end":{"line":15,"column":36}},"15":{"start":{"line":16,"column":0},"end":{"line":16,"column":4}},"16":{"start":{"line":17,"column":0},"end":{"line":17,"column":1}},"18":{"start":{"line":19,"column":0},"end":{"line":19,"column":45}},"19":{"start":{"line":20,"column":0},"end":{"line":20,"column":40}},"20":{"start":{"line":21,"column":0},"end":{"line":21,"column":28}},"21":{"start":{"line":22,"column":0},"end":{"line":22,"column":26}},"22":{"start":{"line":23,"column":0},"end":{"line":23,"column":77}},"23":{"start":{"line":24,"column":0},"end":{"line":24,"column":36}},"24":{"start":{"line":25,"column":0},"end":{"line":25,"column":49}},"25":{"start":{"line":26,"column":0},"end":{"line":26,"column":18}},"26":{"start":{"line":27,"column":0},"end":{"line":27,"column":6}},"27":{"start":{"line":28,"column":0},"end":{"line":28,"column":36}},"28":{"start":{"line":29,"column":0},"end":{"line":29,"column":4}},"29":{"start":{"line":30,"column":0},"end":{"line":30,"column":1}}},"s":{"0":1,"1":1,"4":1,"5":3,"6":3,"7":3,"8":3,"9":1,"10":1,"11":1,"12":1,"13":3,"14":3,"15":3,"16":3,"18":1,"19":4,"20":4,"21":4,"22":2,"23":2,"24":2,"25":1,"26":2,"27":4,"28":4,"29":4},"branchMap":{"0":{"type":"branch","line":5,"loc":{"start":{"line":5,"column":7},"end":{"line":17,"column":1}},"locations":[{"start":{"line":5,"column":7},"end":{"line":17,"column":1}}]},"1":{"type":"branch","line":9,"loc":{"start":{"line":9,"column":13},"end":{"line":13,"column":6}},"locations":[{"start":{"line":9,"column":13},"end":{"line":13,"column":6}}]},"2":{"type":"branch","line":19,"loc":{"start":{"line":19,"column":7},"end":{"line":30,"column":1}},"locations":[{"start":{"line":19,"column":7},"end":{"line":30,"column":1}}]},"3":{"type":"branch","line":22,"loc":{"start":{"line":22,"column":13},"end":{"line":27,"column":6}},"locations":[{"start":{"line":22,"column":13},"end":{"line":27,"column":6}}]},"4":{"type":"branch","line":25,"loc":{"start":{"line":25,"column":38},"end":{"line":26,"column":18}},"locations":[{"start":{"line":25,"column":38},"end":{"line":26,"column":18}}]}},"b":{"0":[3],"1":[1],"2":[4],"3":[2],"4":[1]},"fnMap":{"0":{"name":"useMovieSearch","decl":{"start":{"line":5,"column":7},"end":{"line":17,"column":1}},"loc":{"start":{"line":5,"column":7},"end":{"line":17,"column":1}},"line":5},"1":{"name":"queryFn","decl":{"start":{"line":9,"column":13},"end":{"line":13,"column":6}},"loc":{"start":{"line":9,"column":13},"end":{"line":13,"column":6}},"line":9},"2":{"name":"useMovieDetail","decl":{"start":{"line":19,"column":7},"end":{"line":30,"column":1}},"loc":{"start":{"line":19,"column":7},"end":{"line":30,"column":1}},"line":19},"3":{"name":"queryFn","decl":{"start":{"line":22,"column":13},"end":{"line":27,"column":6}},"loc":{"start":{"line":22,"column":13},"end":{"line":27,"column":6}},"line":22}},"f":{"0":3,"1":1,"2":4,"3":2}}
,"/Users/heropy/Desktop/lg_app1/src/stores/movie.ts": {"path":"/Users/heropy/Desktop/lg_app1/src/stores/movie.ts","all":false,"statementMap":{"0":{"start":{"line":1,"column":0},"end":{"line":1,"column":32}},"1":{"start":{"line":2,"column":0},"end":{"line":2,"column":44}},"42":{"start":{"line":43,"column":0},"end":{"line":43,"column":36}},"43":{"start":{"line":44,"column":0},"end":{"line":44,"column":10}},"44":{"start":{"line":45,"column":0},"end":{"line":45,"column":5}},"45":{"start":{"line":46,"column":0},"end":{"line":46,"column":20}},"46":{"start":{"line":47,"column":0},"end":{"line":47,"column":21}},"47":{"start":{"line":48,"column":0},"end":{"line":48,"column":6}},"48":{"start":{"line":49,"column":0},"end":{"line":49,"column":13}},"49":{"start":{"line":50,"column":0},"end":{"line":50,"column":34}},"50":{"start":{"line":51,"column":0},"end":{"line":51,"column":32}},"51":{"start":{"line":52,"column":0},"end":{"line":52,"column":8}},"52":{"start":{"line":53,"column":0},"end":{"line":53,"column":37}},"53":{"start":{"line":54,"column":0},"end":{"line":54,"column":35}},"54":{"start":{"line":55,"column":0},"end":{"line":55,"column":7}},"55":{"start":{"line":56,"column":0},"end":{"line":56,"column":6}},"56":{"start":{"line":57,"column":0},"end":{"line":57,"column":3}},"57":{"start":{"line":58,"column":0},"end":{"line":58,"column":1}}},"s":{"0":1,"1":1,"42":1,"43":1,"44":1,"45":1,"46":1,"47":1,"48":1,"49":1,"50":1,"51":1,"52":1,"53":1,"54":1,"55":1,"56":1,"57":1},"branchMap":{"0":{"type":"branch","line":49,"loc":{"start":{"line":49,"column":4},"end":{"line":56,"column":6}},"locations":[{"start":{"line":49,"column":4},"end":{"line":56,"column":6}}]},"1":{"type":"branch","line":50,"loc":{"start":{"line":50,"column":6},"end":{"line":52,"column":8}},"locations":[{"start":{"line":50,"column":6},"end":{"line":52,"column":8}}]},"2":{"type":"branch","line":53,"loc":{"start":{"line":53,"column":6},"end":{"line":55,"column":7}},"locations":[{"start":{"line":53,"column":6},"end":{"line":55,"column":7}}]}},"b":{"0":[1],"1":[1],"2":[1]},"fnMap":{"0":{"name":"setInputText","decl":{"start":{"line":50,"column":6},"end":{"line":52,"column":8}},"loc":{"start":{"line":50,"column":6},"end":{"line":52,"column":8}},"line":50},"1":{"name":"setSearchTitle","decl":{"start":{"line":53,"column":6},"end":{"line":55,"column":7}},"loc":{"start":{"line":53,"column":6},"end":{"line":55,"column":7}},"line":53}},"f":{"0":1,"1":1}}
}
